#
# A fatal error has been detected by the Java Runtime Environment:
#
# java.lang.OutOfMemoryError: pthread_getattr_np
#
#  Internal Error (os_linux_x86.cpp:681), pid=1989, tid=47257863857920
#  Error: pthread_getattr_np
#
# JRE version: 6.0_17-b04
# Java VM: Java HotSpot(TM) 64-Bit Server VM (14.3-b01 mixed mode linux-amd64 )
# If you would like to submit a bug report, please visit:
#   http://java.sun.com/webapps/bugreport/crash.jsp
#

---------------  T H R E A D  ---------------

Current thread (0x00002afad42f1800):  GCTaskThread [stack: 0x0000000000000000,0x0000000000000000] [id=2019]

Stack: [0x0000000000000000,0x0000000000000000],  sp=0x00002afb143019d0,  free space=-1094382586k
Native frames: (J=compiled Java code, j=interpreted, Vv=VM code, C=native code)
V  [libjvm.so+0x6bd1ef]
V  [libjvm.so+0x2be6c8]
V  [libjvm.so+0x5990d3]
V  [libjvm.so+0x598d05]
V  [libjvm.so+0x679b94]
V  [libjvm.so+0x33a5ac]
V  [libjvm.so+0x59726f]


---------------  P R O C E S S  ---------------

Java Threads: ( => current thread )

Other Threads:

=>0x00002afad42f1800 (exited) GCTaskThread [stack: 0x0000000000000000,0x0000000000000000] [id=2019]

VM state:not at safepoint (not fully initialized)

VM Mutex/Monitor currently owned by a thread:  ([mutex/lock_event])
[0x00002afad42c1e60] PerfDataMemAlloc_lock - owner thread: 0x00002afad42bc800

Dynamic libraries:
00400000-00413000 r-xp 00000000 00:15 175243684                          /home/tntweb/tnt_backend/matlab-json/mat2json
00613000-00614000 rw-p 00013000 00:15 175243684                          /home/tntweb/tnt_backend/matlab-json/mat2json
01838000-01adc000 rw-p 00000000 00:00 0                                  [heap]
34ac400000-34ac420000 r-xp 00000000 08:01 558528                         /lib64/ld-2.12.so
34ac61f000-34ac620000 r--p 0001f000 08:01 558528                         /lib64/ld-2.12.so
34ac620000-34ac621000 rw-p 00020000 08:01 558528                         /lib64/ld-2.12.so
34ac621000-34ac622000 rw-p 00000000 00:00 0 
34ac800000-34ac989000 r-xp 00000000 08:01 558529                         /lib64/libc-2.12.so
34ac989000-34acb89000 ---p 00189000 08:01 558529                         /lib64/libc-2.12.so
34acb89000-34acb8d000 r--p 00189000 08:01 558529                         /lib64/libc-2.12.so
34acb8d000-34acb8e000 rw-p 0018d000 08:01 558529                         /lib64/libc-2.12.so
34acb8e000-34acb93000 rw-p 00000000 00:00 0 
34acc00000-34acc02000 r-xp 00000000 08:01 558530                         /lib64/libdl-2.12.so
34acc02000-34ace02000 ---p 00002000 08:01 558530                         /lib64/libdl-2.12.so
34ace02000-34ace03000 r--p 00002000 08:01 558530                         /lib64/libdl-2.12.so
34ace03000-34ace04000 rw-p 00003000 08:01 558530                         /lib64/libdl-2.12.so
34ad000000-34ad017000 r-xp 00000000 08:01 558531                         /lib64/libpthread-2.12.so
34ad017000-34ad217000 ---p 00017000 08:01 558531                         /lib64/libpthread-2.12.so
34ad217000-34ad218000 r--p 00017000 08:01 558531                         /lib64/libpthread-2.12.so
34ad218000-34ad219000 rw-p 00018000 08:01 558531                         /lib64/libpthread-2.12.so
34ad219000-34ad21d000 rw-p 00000000 00:00 0 
34ad400000-34ad483000 r-xp 00000000 08:01 558543                         /lib64/libm-2.12.so
34ad483000-34ad682000 ---p 00083000 08:01 558543                         /lib64/libm-2.12.so
34ad682000-34ad683000 r--p 00082000 08:01 558543                         /lib64/libm-2.12.so
34ad683000-34ad684000 rw-p 00083000 08:01 558543                         /lib64/libm-2.12.so
34ad800000-34ad815000 r-xp 00000000 08:01 558234                         /lib64/libz.so.1.2.3
34ad815000-34ada14000 ---p 00015000 08:01 558234                         /lib64/libz.so.1.2.3
34ada14000-34ada15000 r--p 00014000 08:01 558234                         /lib64/libz.so.1.2.3
34ada15000-34ada16000 rw-p 00015000 08:01 558234                         /lib64/libz.so.1.2.3
34adc00000-34adc07000 r-xp 00000000 08:01 558348                         /lib64/librt-2.12.so
34adc07000-34ade06000 ---p 00007000 08:01 558348                         /lib64/librt-2.12.so
34ade06000-34ade07000 r--p 00006000 08:01 558348                         /lib64/librt-2.12.so
34ade07000-34ade08000 rw-p 00007000 08:01 558348                         /lib64/librt-2.12.so
34ae000000-34ae018000 r-xp 00000000 08:01 324290                         /usr/lib64/libXmu.so.6.2.0
34ae018000-34ae218000 ---p 00018000 08:01 324290                         /usr/lib64/libXmu.so.6.2.0
34ae218000-34ae21a000 rw-p 00018000 08:01 324290                         /usr/lib64/libXmu.so.6.2.0
34aec00000-34aec1d000 r-xp 00000000 08:01 558269                         /lib64/libtinfo.so.5.7
34aec1d000-34aee1d000 ---p 0001d000 08:01 558269                         /lib64/libtinfo.so.5.7
34aee1d000-34aee21000 rw-p 0001d000 08:01 558269                         /lib64/libtinfo.so.5.7
34af400000-34af422000 r-xp 00000000 08:01 558567                         /lib64/libncurses.so.5.7
34af422000-34af621000 ---p 00022000 08:01 558567                         /lib64/libncurses.so.5.7
34af621000-34af622000 rw-p 00021000 08:01 558567                         /lib64/libncurses.so.5.7
34afc00000-34afc5d000 r-xp 00000000 08:01 558534                         /lib64/libfreebl3.so
34afc5d000-34afe5c000 ---p 0005d000 08:01 558534                         /lib64/libfreebl3.so
34afe5c000-34afe5d000 r--p 0005c000 08:01 558534                         /lib64/libfreebl3.so
34afe5d000-34afe5e000 rw-p 0005d000 08:01 558534                         /lib64/libfreebl3.so
34afe5e000-34afe62000 rw-p 00000000 00:00 0 
34b0000000-34b0007000 r-xp 00000000 08:01 558535                         /lib64/libcrypt-2.12.so
34b0007000-34b0207000 ---p 00007000 08:01 558535                         /lib64/libcrypt-2.12.so
34b0207000-34b0208000 r--p 00007000 08:01 558535                         /lib64/libcrypt-2.12.so
34b0208000-34b0209000 rw-p 00008000 08:01 558535                         /lib64/libcrypt-2.12.so
34b0209000-34b0237000 rw-p 00000000 00:00 0 
34b0400000-34b0416000 r-xp 00000000 08:01 558569                         /lib64/libnsl-2.12.so
34b0416000-34b0615000 ---p 00016000 08:01 558569                         /lib64/libnsl-2.12.so
34b0615000-34b0616000 r--p 00015000 08:01 558569                         /lib64/libnsl-2.12.so
34b0616000-34b0617000 rw-p 00016000 08:01 558569                         /lib64/libnsl-2.12.so
34b0617000-34b0619000 rw-p 00000000 00:00 0 
34b2000000-34b2007000 r-xp 00000000 08:01 324276                         /usr/lib64/libSM.so.6.0.0
34b2007000-34b2207000 ---p 00007000 08:01 324276                         /usr/lib64/libSM.so.6.0.0
34b2207000-34b2208000 rw-p 00007000 08:01 324276                         /usr/lib64/libSM.so.6.0.0
34b3000000-34b301b000 r-xp 00000000 08:01 324278                         /usr/lib64/libxcb.so.1.1.0
34b301b000-34b321a000 ---p 0001b000 08:01 324278                         /usr/lib64/libxcb.so.1.1.0
34b321a000-34b321b000 rw-p 0001a000 08:01 324278                         /usr/lib64/libxcb.so.1.1.0
34b4000000-34b4002000 r-xp 00000000 08:01 324277                         /usr/lib64/libXau.so.6.0.0
34b4002000-34b4202000 ---p 00002000 08:01 324277                         /usr/lib64/libXau.so.6.0.0
34b4202000-34b4203000 rw-p 00002000 08:01 324277                         /usr/lib64/libXau.so.6.0.0
34b4400000-34b4539000 r-xp 00000000 08:01 324279                         /usr/lib64/libX11.so.6.3.0
34b4539000-34b4739000 ---p 00139000 08:01 324279                         /usr/lib64/libX11.so.6.3.0
34b4739000-34b473f000 rw-p 00139000 08:01 324279                         /usr/lib64/libX11.so.6.3.0
34b5000000-34b5011000 r-xp 00000000 08:01 324280                         /usr/lib64/libXext.so.6.4.0
34b5011000-34b5211000 ---p 00011000 08:01 324280                         /usr/lib64/libXext.so.6.4.0
34b5211000-34b5212000 rw-p 00011000 08:01 324280                         /usr/lib64/libXext.so.6.4.0
34b6800000-34b6817000 r-xp 00000000 08:01 320867                         /usr/lib64/libICE.so.6.3.0
34b6817000-34b6a17000 ---p 00017000 08:01 320867                         /usr/lib64/libICE.so.6.3.0
34b6a17000-34b6a18000 rw-p 00017000 08:01 320867                         /usr/lib64/libICE.so.6.3.0
34b6a18000-34b6a1c000 rw-p 00000000 00:00 0 
2afab52c8000-2afab52ca000 rw-p 00000000 00:00 0 
2afab52ca000-2afab535f000 r-xp 00000000 00:17 10092955                   /share/apps/MATLAB/R2012b/bin/glnxa64/libmwi18n.so
2afab535f000-2afab555f000 ---p 00095000 00:17 10092955                   /share/apps/MATLAB/R2012b/bin/glnxa64/libmwi18n.so
2afab555f000-2afab5565000 rw-p 00095000 00:17 10092955                   /share/apps/MATLAB/R2012b/bin/glnxa64/libmwi18n.so
2afab5565000-2afab5586000 r-xp 00000000 00:17 10093859                   /share/apps/MATLAB/R2012b/bin/glnxa64/libmwctfdatainterfaces.so
2afab5586000-2afab5785000 ---p 00021000 00:17 10093859                   /share/apps/MATLAB/R2012b/bin/glnxa64/libmwctfdatainterfaces.so
2afab5785000-2afab5787000 rw-p 00020000 00:17 10093859                   /share/apps/MATLAB/R2012b/bin/glnxa64/libmwctfdatainterfaces.so
2afab5787000-2afab5821000 r-xp 00000000 00:17 10093861                   /share/apps/MATLAB/R2012b/bin/glnxa64/libmwctfpackage.so
2afab5821000-2afab5a20000 ---p 0009a000 00:17 10093861                   /share/apps/MATLAB/R2012b/bin/glnxa64/libmwctfpackage.so
2afab5a20000-2afab5a25000 rw-p 00099000 00:17 10093861                   /share/apps/MATLAB/R2012b/bin/glnxa64/libmwctfpackage.so
2afab5a25000-2afab5a5a000 r-xp 00000000 00:17 10094366                   /share/apps/MATLAB/R2012b/runtime/glnxa64/libmwmclmcrrt.so.8.0
2afab5a5a000-2afab5c59000 ---p 00035000 00:17 10094366                   /share/apps/MATLAB/R2012b/runtime/glnxa64/libmwmclmcrrt.so.8.0
2afab5c59000-2afab5c5b000 rw-p 00034000 00:17 10094366                   /share/apps/MATLAB/R2012b/runtime/glnxa64/libmwmclmcrrt.so.8.0
2afab5c5b000-2afab5c69000 rw-p 00000000 00:00 0 
2afab5c69000-2afab5c72000 r-xp 00000000 00:17 10092939                   /share/apps/MATLAB/R2012b/bin/glnxa64/libmwcpp11compat.so
2afab5c72000-2afab5e71000 ---p 00009000 00:17 10092939                   /share/apps/MATLAB/R2012b/bin/glnxa64/libmwcpp11compat.so
2afab5e71000-2afab5e72000 rw-p 00008000 00:17 10092939                   /share/apps/MATLAB/R2012b/bin/glnxa64/libmwcpp11compat.so
2afab5e72000-2afab6cb2000 r--p 00000000 00:17 10092901                   /share/apps/MATLAB/R2012b/bin/glnxa64/libicudata.so.44.2
2afab6cb2000-2afab6eb1000 ---p 00e40000 00:17 10092901                   /share/apps/MATLAB/R2012b/bin/glnxa64/libicudata.so.44.2
2afab6eb1000-2afab6eb2000 rw-p 00e3f000 00:17 10092901                   /share/apps/MATLAB/R2012b/bin/glnxa64/libicudata.so.44.2
2afab6eb2000-2afab7003000 r-xp 00000000 00:17 10092900                   /share/apps/MATLAB/R2012b/bin/glnxa64/libicuuc.so.44.2
2afab7003000-2afab7203000 ---p 00151000 00:17 10092900                   /share/apps/MATLAB/R2012b/bin/glnxa64/libicuuc.so.44.2
2afab7203000-2afab7213000 rw-p 00151000 00:17 10092900                   /share/apps/MATLAB/R2012b/bin/glnxa64/libicuuc.so.44.2
2afab7213000-2afab7217000 rw-p 00000000 00:00 0 
2afab7217000-2afab7409000 r-xp 00000000 00:17 10092902                   /share/apps/MATLAB/R2012b/bin/glnxa64/libicui18n.so.44.2
2afab7409000-2afab7608000 ---p 001f2000 00:17 10092902                   /share/apps/MATLAB/R2012b/bin/glnxa64/libicui18n.so.44.2
2afab7608000-2afab7614000 rw-p 001f1000 00:17 10092902                   /share/apps/MATLAB/R2012b/bin/glnxa64/libicui18n.so.44.2
2afab7614000-2afab761f000 r-xp 00000000 00:17 10092906                   /share/apps/MATLAB/R2012b/bin/glnxa64/libicuio.so.44.2
2afab761f000-2afab781f000 ---p 0000b000 00:17 10092906                   /share/apps/MATLAB/R2012b/bin/glnxa64/libicuio.so.44.2
2afab781f000-2afab7821000 rw-p 0000b000 00:17 10092906                   /share/apps/MATLAB/R2012b/bin/glnxa64/libicuio.so.44.2
2afab7821000-2afab7bd9000 r-xp 00000000 00:17 10092958                   /share/apps/MATLAB/R2012b/bin/glnxa64/libxerces-c.so.27.0
2afab7bd9000-2afab7dd8000 ---p 003b8000 00:17 10092958                   /share/apps/MATLAB/R2012b/bin/glnxa64/libxerces-c.so.27.0
2afab7dd8000-2afab7e1c000 rw-p 003b7000 00:17 10092958                   /share/apps/MATLAB/R2012b/bin/glnxa64/libxerces-c.so.27.0
2afab7e1c000-2afab7e1d000 rw-p 00000000 00:00 0 
2afab7e2a000-2afab7e2b000 rw-p 00000000 00:00 0 
2afab7e2b000-2afab7f1c000 r-xp 00000000 00:17 10092946                   /share/apps/MATLAB/R2012b/sys/os/glnxa64/libstdc++.so.6.0.13
2afab7f1c000-2afab811c000 ---p 000f1000 00:17 10092946                   /share/apps/MATLAB/R2012b/sys/os/glnxa64/libstdc++.so.6.0.13
2afab811c000-2afab8123000 r--p 000f1000 00:17 10092946                   /share/apps/MATLAB/R2012b/sys/os/glnxa64/libstdc++.so.6.0.13
2afab8123000-2afab8125000 rw-p 000f8000 00:17 10092946                   /share/apps/MATLAB/R2012b/sys/os/glnxa64/libstdc++.so.6.0.13
2afab8125000-2afab813b000 rw-p 00000000 00:00 0 
2afab813b000-2afab8151000 r-xp 00000000 00:17 10092943                   /share/apps/MATLAB/R2012b/sys/os/glnxa64/libgcc_s.so.1
2afab8151000-2afab8350000 ---p 00016000 00:17 10092943                   /share/apps/MATLAB/R2012b/sys/os/glnxa64/libgcc_s.so.1
2afab8350000-2afab8351000 rw-p 00015000 00:17 10092943                   /share/apps/MATLAB/R2012b/sys/os/glnxa64/libgcc_s.so.1
2afab8351000-2afab8352000 rw-p 00000000 00:00 0 
2afab8352000-2afab8354000 r-xp 00000000 00:17 10092948                   /share/apps/MATLAB/R2012b/bin/glnxa64/libmwresource_core.so
2afab8354000-2afab8553000 ---p 00002000 00:17 10092948                   /share/apps/MATLAB/R2012b/bin/glnxa64/libmwresource_core.so
2afab8553000-2afab8554000 rw-p 00001000 00:17 10092948                   /share/apps/MATLAB/R2012b/bin/glnxa64/libmwresource_core.so
2afab8554000-2afab8555000 rw-p 00000000 00:00 0 
2afab8555000-2afab8566000 r-xp 00000000 00:17 10092920                   /share/apps/MATLAB/R2012b/bin/glnxa64/libboost_date_time.so.1.44.0
2afab8566000-2afab8765000 ---p 00011000 00:17 10092920                   /share/apps/MATLAB/R2012b/bin/glnxa64/libboost_date_time.so.1.44.0
2afab8765000-2afab8767000 rw-p 00010000 00:17 10092920                   /share/apps/MATLAB/R2012b/bin/glnxa64/libboost_date_time.so.1.44.0
2afab8767000-2afab8788000 r-xp 00000000 00:17 10092911                   /share/apps/MATLAB/R2012b/bin/glnxa64/libboost_filesystem.so.1.44.0
2afab8788000-2afab8987000 ---p 00021000 00:17 10092911                   /share/apps/MATLAB/R2012b/bin/glnxa64/libboost_filesystem.so.1.44.0
2afab8987000-2afab8989000 rw-p 00020000 00:17 10092911                   /share/apps/MATLAB/R2012b/bin/glnxa64/libboost_filesystem.so.1.44.0
2afab8989000-2afab898b000 r-xp 00000000 00:17 10092917                   /share/apps/MATLAB/R2012b/bin/glnxa64/libboost_system.so.1.44.0
2afab898b000-2afab8b8b000 ---p 00002000 00:17 10092917                   /share/apps/MATLAB/R2012b/bin/glnxa64/libboost_system.so.1.44.0
2afab8b8b000-2afab8b8c000 rw-p 00002000 00:17 10092917                   /share/apps/MATLAB/R2012b/bin/glnxa64/libboost_system.so.1.44.0
2afab8b8c000-2afab8ba2000 r-xp 00000000 00:17 10092913                   /share/apps/MATLAB/R2012b/bin/glnxa64/libboost_thread.so.1.44.0
2afab8ba2000-2afab8da1000 ---p 00016000 00:17 10092913                   /share/apps/MATLAB/R2012b/bin/glnxa64/libboost_thread.so.1.44.0
2afab8da1000-2afab8da3000 rw-p 00015000 00:17 10092913                   /share/apps/MATLAB/R2012b/bin/glnxa64/libboost_thread.so.1.44.0
2afab8da3000-2afab8da4000 rw-p 00000000 00:00 0 
2afab8da4000-2afab8dca000 r-xp 00000000 00:17 10092929                   /share/apps/MATLAB/R2012b/bin/glnxa64/libexpat.so.1.5.0
2afab8dca000-2afab8fc9000 ---p 00026000 00:17 10092929                   /share/apps/MATLAB/R2012b/bin/glnxa64/libexpat.so.1.5.0
2afab8fc9000-2afab8fcc000 rw-p 00025000 00:17 10092929                   /share/apps/MATLAB/R2012b/bin/glnxa64/libexpat.so.1.5.0
2afab8fcc000-2afab9006000 r-xp 00000000 00:17 10092937                   /share/apps/MATLAB/R2012b/bin/glnxa64/libtbb.so.2
2afab9006000-2afab9106000 ---p 0003a000 00:17 10092937                   /share/apps/MATLAB/R2012b/bin/glnxa64/libtbb.so.2
2afab9106000-2afab910a000 rw-p 0003a000 00:17 10092937                   /share/apps/MATLAB/R2012b/bin/glnxa64/libtbb.so.2
2afab910a000-2afab910b000 rw-p 00000000 00:00 0 
2afab910b000-2afab9125000 r-xp 00000000 00:17 10092938                   /share/apps/MATLAB/R2012b/bin/glnxa64/libtbbmalloc.so.2
2afab9125000-2afab9224000 ---p 0001a000 00:17 10092938                   /share/apps/MATLAB/R2012b/bin/glnxa64/libtbbmalloc.so.2
2afab9224000-2afab9227000 rw-p 00019000 00:17 10092938                   /share/apps/MATLAB/R2012b/bin/glnxa64/libtbbmalloc.so.2
2afab9227000-2afab9235000 rw-p 00000000 00:00 0 
2afab9235000-2afab9237000 r-xp 00000000 00:17 10093853                   /share/apps/MATLAB/R2012b/bin/glnxa64/libmwmcli18nutil.so
2afab9237000-2afab9436000 ---p 00002000 00:17 10093853                   /share/apps/MATLAB/R2012b/bin/glnxa64/libmwmcli18nutil.so
2afab9436000-2afab9437000 rw-p 00001000 00:17 10093853                   /share/apps/MATLAB/R2012b/bin/glnxa64/libmwmcli18nutil.so
2afab9437000-2afab943f000 r-xp 00000000 00:17 10093858                   /share/apps/MATLAB/R2012b/bin/glnxa64/libmwctf_res.so
2afab943f000-2afab963e000 ---p 00008000 00:17 10093858                   /share/apps/MATLAB/R2012b/bin/glnxa64/libmwctf_res.so
2afab963e000-2afab963f000 rw-p 00007000 00:17 10093858                   /share/apps/MATLAB/R2012b/bin/glnxa64/libmwctf_res.so
2afab963f000-2afab9640000 rw-p 00000000 00:00 0 
2afab9640000-2afab9654000 r-xp 00000000 00:17 10093854                   /share/apps/MATLAB/R2012b/bin/glnxa64/libmwopccore.so
2afab9654000-2afab9853000 ---p 00014000 00:17 10093854                   /share/apps/MATLAB/R2012b/bin/glnxa64/libmwopccore.so
2afab9853000-2afab9855000 rw-p 00013000 00:17 10093854                   /share/apps/MATLAB/R2012b/bin/glnxa64/libmwopccore.so
2afab9855000-2afab991b000 r-xp 00000000 00:17 10093856                   /share/apps/MATLAB/R2012b/bin/glnxa64/libmwopcmodel.so
2afab991b000-2afab9b1a000 ---p 000c6000 00:17 10093856                   /share/apps/MATLAB/R2012b/bin/glnxa64/libmwopcmodel.so
2afab9b1a000-2afab9b21000 rw-p 000c5000 00:17 10093856                   /share/apps/MATLAB/R2012b/bin/glnxa64/libmwopcmodel.so
2afab9b21000-2afab9b22000 rw-p 00000000 00:00 0 
2afab9b22000-2afab9b48000 r-xp 00000000 00:17 10093857                   /share/apps/MATLAB/R2012b/bin/glnxa64/libmwopczippackage.so
2afab9b48000-2afab9d48000 ---p 00026000 00:17 10093857                   /share/apps/MATLAB/R2012b/bin/glnxa64/libmwopczippackage.so
2afab9d48000-2afab9d4a000 rw-p 00026000 00:17 10093857                   /share/apps/MATLAB/R2012b/bin/glnxa64/libmwopczippackage.so
2afab9d4a000-2afab9d82000 r-xp 00000000 00:17 10093860                   /share/apps/MATLAB/R2012b/bin/glnxa64/libmwxsd_binder.so
2afab9d82000-2afab9f82000 ---p 00038000 00:17 10093860                   /share/apps/MATLAB/R2012b/bin/glnxa64/libmwxsd_binder.so
2afab9f82000-2afab9f8d000 rw-p 00038000 00:17 10093860                   /share/apps/MATLAB/R2012b/bin/glnxa64/libmwxsd_binder.so
2afab9f8d000-2afaba093000 r-xp 00000000 00:17 10092909                   /share/apps/MATLAB/R2012b/bin/glnxa64/libboost_regex.so.1.44.0
2afaba093000-2afaba293000 ---p 00106000 00:17 10092909                   /share/apps/MATLAB/R2012b/bin/glnxa64/libboost_regex.so.1.44.0
2afaba293000-2afaba29a000 rw-p 00106000 00:17 10092909                   /share/apps/MATLAB/R2012b/bin/glnxa64/libboost_regex.so.1.44.0
2afaba29a000-2afaba29b000 rw-p 00000000 00:00 0 
2afaba29b000-2afaba2a6000 r-xp 00000000 00:17 10093851                   /share/apps/MATLAB/R2012b/bin/glnxa64/libminizip.so
2afaba2a6000-2afaba4a5000 ---p 0000b000 00:17 10093851                   /share/apps/MATLAB/R2012b/bin/glnxa64/libminizip.so
2afaba4a5000-2afaba4a6000 rw-p 0000a000 00:17 10093851                   /share/apps/MATLAB/R2012b/bin/glnxa64/libminizip.so
2afaba4a6000-2afaba4a8000 rw-p 00000000 00:00 0 
2afaba4a8000-2afaba542000 r-xp 00000000 00:17 10092950                   /share/apps/MATLAB/R2012b/bin/glnxa64/libut.so
2afaba542000-2afaba742000 ---p 0009a000 00:17 10092950                   /share/apps/MATLAB/R2012b/bin/glnxa64/libut.so
2afaba742000-2afaba749000 rw-p 0009a000 00:17 10092950                   /share/apps/MATLAB/R2012b/bin/glnxa64/libut.so
2afaba749000-2afaba75b000 rw-p 00000000 00:00 0 
2afaba75b000-2afaba891000 r-xp 00000000 00:17 10092956                   /share/apps/MATLAB/R2012b/bin/glnxa64/libmwfl.so
2afaba891000-2afabaa91000 ---p 00136000 00:17 10092956                   /share/apps/MATLAB/R2012b/bin/glnxa64/libmwfl.so
2afabaa91000-2afabaa9e000 rw-p 00136000 00:17 10092956                   /share/apps/MATLAB/R2012b/bin/glnxa64/libmwfl.so
2afabaa9e000-2afabaaae000 rw-p 00000000 00:00 0 
2afabaaae000-2afababba000 r-xp 00000000 00:17 10092927                   /share/apps/MATLAB/R2012b/bin/glnxa64/libboost_log.so.1.44.0
2afababba000-2afabadba000 ---p 0010c000 00:17 10092927                   /share/apps/MATLAB/R2012b/bin/glnxa64/libboost_log.so.1.44.0
2afabadba000-2afabadc4000 rw-p 0010c000 00:17 10092927                   /share/apps/MATLAB/R2012b/bin/glnxa64/libboost_log.so.1.44.0
2afabadc4000-2afabadc6000 rw-p 00000000 00:00 0 
2afabadc6000-2afabb407000 r-xp 00000000 00:17 10092926                   /share/apps/MATLAB/R2012b/bin/glnxa64/libboost_log_setup.so.1.44.0
2afabb407000-2afabb606000 ---p 00641000 00:17 10092926                   /share/apps/MATLAB/R2012b/bin/glnxa64/libboost_log_setup.so.1.44.0
2afabb606000-2afabb639000 rw-p 00640000 00:17 10092926                   /share/apps/MATLAB/R2012b/bin/glnxa64/libboost_log_setup.so.1.44.0
2afabb639000-2afabb63b000 rw-p 00000000 00:00 0 
2afabb63b000-2afabb9d2000 r-xp 00000000 00:17 10092949                   /share/apps/MATLAB/R2012b/bin/glnxa64/libmwMATLAB_res.so
2afabb9d2000-2afabbbd1000 ---p 00397000 00:17 10092949                   /share/apps/MATLAB/R2012b/bin/glnxa64/libmwMATLAB_res.so
2afabbbd1000-2afabbbd3000 rw-p 00396000 00:17 10092949                   /share/apps/MATLAB/R2012b/bin/glnxa64/libmwMATLAB_res.so
2afabbbd3000-2afabbbe2000 rw-p 00000000 00:00 0 
2afabbbe2000-2afabbbf5000 r-xp 00000000 00:17 10092910                   /share/apps/MATLAB/R2012b/bin/glnxa64/libboost_signals.so.1.44.0
2afabbbf5000-2afabbdf4000 ---p 00013000 00:17 10092910                   /share/apps/MATLAB/R2012b/bin/glnxa64/libboost_signals.so.1.44.0
2afabbdf4000-2afabbdf5000 rw-p 00012000 00:17 10092910                   /share/apps/MATLAB/R2012b/bin/glnxa64/libboost_signals.so.1.44.0
2afabbdf5000-2afabbdff000 r-xp 00000000 00:17 10092935                   /share/apps/MATLAB/R2012b/bin/glnxa64/libunwind.so.8.0.0
2afabbdff000-2afabbffe000 ---p 0000a000 00:17 10092935                   /share/apps/MATLAB/R2012b/bin/glnxa64/libunwind.so.8.0.0
2afabbffe000-2afabbfff000 rw-p 00009000 00:17 10092935                   /share/apps/MATLAB/R2012b/bin/glnxa64/libunwind.so.8.0.0
2afabbfff000-2afabc014000 rw-p 00000000 00:00 0 
2afabc014000-2afac1ea5000 r--p 00000000 08:01 320819                     /usr/lib/locale/locale-archive
2afac1ea5000-2afac1eac000 r--s 00000000 08:01 346234                     /usr/lib64/gconv/gconv-modules.cache
2afac1eac000-2afac1eae000 r-xp 00000000 08:01 346160                     /usr/lib64/gconv/ISO8859-15.so
2afac1eae000-2afac20ad000 ---p 00002000 08:01 346160                     /usr/lib64/gconv/ISO8859-15.so
2afac20ad000-2afac20ae000 r--p 00001000 08:01 346160                     /usr/lib64/gconv/ISO8859-15.so
2afac20ae000-2afac20af000 rw-p 00002000 08:01 346160                     /usr/lib64/gconv/ISO8859-15.so
2afac20af000-2afac2179000 r-xp 00000000 00:17 10092951                   /share/apps/MATLAB/R2012b/bin/glnxa64/libmx.so
2afac2179000-2afac2378000 ---p 000ca000 00:17 10092951                   /share/apps/MATLAB/R2012b/bin/glnxa64/libmx.so
2afac2378000-2afac237e000 rw-p 000c9000 00:17 10092951                   /share/apps/MATLAB/R2012b/bin/glnxa64/libmx.so
2afac237e000-2afac23cb000 r-xp 00000000 00:17 10092953                   /share/apps/MATLAB/R2012b/bin/glnxa64/libmat.so
2afac23cb000-2afac25ca000 ---p 0004d000 00:17 10092953                   /share/apps/MATLAB/R2012b/bin/glnxa64/libmat.so
2afac25ca000-2afac25ce000 rw-p 0004c000 00:17 10092953                   /share/apps/MATLAB/R2012b/bin/glnxa64/libmat.so
2afac25ce000-2afac25e9000 r-xp 00000000 00:17 10092933                   /share/apps/MATLAB/R2012b/bin/glnxa64/libhdf5_hl.so.6.0.5
2afac25e9000-2afac27e8000 ---p 0001b000 00:17 10092933                   /share/apps/MATLAB/R2012b/bin/glnxa64/libhdf5_hl.so.6.0.5
2afac27e8000-2afac27e9000 rw-p 0001a000 00:17 10092933                   /share/apps/MATLAB/R2012b/bin/glnxa64/libhdf5_hl.so.6.0.5
2afac27e9000-2afac27fa000 rw-p 00000000 00:00 0 
2afac27fa000-2afac2a7f000 r-xp 00000000 00:17 10092932                   /share/apps/MATLAB/R2012b/bin/glnxa64/libhdf5.so.6.0.5
2afac2a7f000-2afac2c7f000 ---p 00285000 00:17 10092932                   /share/apps/MATLAB/R2012b/bin/glnxa64/libhdf5.so.6.0.5
2afac2c7f000-2afac2c8a000 rw-p 00285000 00:17 10092932                   /share/apps/MATLAB/R2012b/bin/glnxa64/libhdf5.so.6.0.5
2afac2c8a000-2afac2c8b000 rw-p 00000000 00:00 0 
2afac2c8b000-2afac2e4b000 r-xp 00000000 00:17 10094352                   /share/apps/MATLAB/R2012b/bin/glnxa64/libmwmclmcr.so
2afac2e4b000-2afac304b000 ---p 001c0000 00:17 10094352                   /share/apps/MATLAB/R2012b/bin/glnxa64/libmwmclmcr.so
2afac304b000-2afac3064000 rw-p 001c0000 00:17 10094352                   /share/apps/MATLAB/R2012b/bin/glnxa64/libmwmclmcr.so
2afac3064000-2afac3066000 rw-p 00000000 00:00 0 
2afac3066000-2afac310b000 r-xp 00000000 00:17 10093898                   /share/apps/MATLAB/R2012b/bin/glnxa64/libmwmcr.so
2afac310b000-2afac330a000 ---p 000a5000 00:17 10093898                   /share/apps/MATLAB/R2012b/bin/glnxa64/libmwmcr.so
2afac330a000-2afac3313000 rw-p 000a4000 00:17 10093898                   /share/apps/MATLAB/R2012b/bin/glnxa64/libmwmcr.so
2afac3313000-2afac3314000 rw-p 00000000 00:00 0 
2afac3314000-2afac35cb000 r-xp 00000000 00:17 10092970                   /share/apps/MATLAB/R2012b/bin/glnxa64/libmwservices.so
2afac35cb000-2afac37ca000 ---p 002b7000 00:17 10092970                   /share/apps/MATLAB/R2012b/bin/glnxa64/libmwservices.so
2afac37ca000-2afac37e4000 rw-p 002b6000 00:17 10092970                   /share/apps/MATLAB/R2012b/bin/glnxa64/libmwservices.so
2afac37e4000-2afac37f2000 rw-p 00000000 00:00 0 
2afac37f2000-2afac3813000 r-xp 00000000 00:17 10093931                   /share/apps/MATLAB/R2012b/bin/glnxa64/libmex.so
2afac3813000-2afac3a13000 ---p 00021000 00:17 10093931                   /share/apps/MATLAB/R2012b/bin/glnxa64/libmex.so
2afac3a13000-2afac3a15000 rw-p 00021000 00:17 10093931                   /share/apps/MATLAB/R2012b/bin/glnxa64/libmex.so
2afac3a15000-2afac3a31000 r-xp 00000000 00:17 10094347                   /share/apps/MATLAB/R2012b/bin/glnxa64/libmwctfrt.so
2afac3a31000-2afac3c31000 ---p 0001c000 00:17 10094347                   /share/apps/MATLAB/R2012b/bin/glnxa64/libmwctfrt.so
2afac3c31000-2afac3c33000 rw-p 0001c000 00:17 10094347                   /share/apps/MATLAB/R2012b/bin/glnxa64/libmwctfrt.so
2afac3c33000-2afac3cd6000 r-xp 00000000 00:17 10094346                   /share/apps/MATLAB/R2012b/bin/glnxa64/libmwctfrtcrypto.so
2afac3cd6000-2afac3ed5000 ---p 000a3000 00:17 10094346                   /share/apps/MATLAB/R2012b/bin/glnxa64/libmwctfrtcrypto.so
2afac3ed5000-2afac3ef1000 rw-p 000a2000 00:17 10094346                   /share/apps/MATLAB/R2012b/bin/glnxa64/libmwctfrtcrypto.so
2afac3ef1000-2afac3ef2000 rw-p 00000000 00:00 0 
2afac3ef2000-2afac447a000 r-xp 00000000 00:17 10093934                   /share/apps/MATLAB/R2012b/bin/glnxa64/libmwm_interpreter.so
2afac447a000-2afac467a000 ---p 00588000 00:17 10093934                   /share/apps/MATLAB/R2012b/bin/glnxa64/libmwm_interpreter.so
2afac467a000-2afac475a000 rw-p 00588000 00:17 10093934                   /share/apps/MATLAB/R2012b/bin/glnxa64/libmwm_interpreter.so
2afac475a000-2afac47f5000 rw-p 00000000 00:00 0 
2afac47f5000-2afac48a9000 r-xp 00000000 00:17 10093843                   /share/apps/MATLAB/R2012b/bin/glnxa64/libmwm_dispatcher.so
2afac48a9000-2afac4aa8000 ---p 000b4000 00:17 10093843                   /share/apps/MATLAB/R2012b/bin/glnxa64/libmwm_dispatcher.so
2afac4aa8000-2afac4ab0000 rw-p 000b3000 00:17 10093843                   /share/apps/MATLAB/R2012b/bin/glnxa64/libmwm_dispatcher.so
2afac4ab0000-2afac4af8000 r-xp 00000000 00:17 10092963                   /share/apps/MATLAB/R2012b/bin/glnxa64/libmwmpath.so
2afac4af8000-2afac4cf7000 ---p 00048000 00:17 10092963                   /share/apps/MATLAB/R2012b/bin/glnxa64/libmwmpath.so
2afac4cf7000-2afac4cfb000 rw-p 00047000 00:17 10092963                   /share/apps/MATLAB/R2012b/bin/glnxa64/libmwmpath.so
2afac4cfb000-2afac4cfd000 rw-p 00000000 00:00 0 
2afac4cfd000-2afac4db3000 r-xp 00000000 00:17 10093890                   /share/apps/MATLAB/R2012b/bin/glnxa64/libmwjmi.so
2afac4db3000-2afac4fb3000 ---p 000b6000 00:17 10093890                   /share/apps/MATLAB/R2012b/bin/glnxa64/libmwjmi.so
2afac4fb3000-2afac4fbb000 rw-p 000b6000 00:17 10093890                   /share/apps/MATLAB/R2012b/bin/glnxa64/libmwjmi.so
2afac4fbb000-2afac4fbd000 rw-p 00000000 00:00 0 
2afac4fbd000-2afac5004000 r-xp 00000000 00:17 10094348                   /share/apps/MATLAB/R2012b/bin/glnxa64/libmwdservices.so
2afac5004000-2afac5203000 ---p 00047000 00:17 10094348                   /share/apps/MATLAB/R2012b/bin/glnxa64/libmwdservices.so
2afac5203000-2afac5207000 rw-p 00046000 00:17 10094348                   /share/apps/MATLAB/R2012b/bin/glnxa64/libmwdservices.so
2afac5207000-2afac5209000 rw-p 00000000 00:00 0 
2afac5209000-2afac52ef000 r-xp 00000000 00:17 10093900                   /share/apps/MATLAB/R2012b/bin/glnxa64/libmwudd.so
2afac52ef000-2afac54ee000 ---p 000e6000 00:17 10093900                   /share/apps/MATLAB/R2012b/bin/glnxa64/libmwudd.so
2afac54ee000-2afac5505000 rw-p 000e5000 00:17 10093900                   /share/apps/MATLAB/R2012b/bin/glnxa64/libmwudd.so
2afac5505000-2afac5508000 rw-p 00000000 00:00 0 
2afac5508000-2afac5516000 r-xp 00000000 00:17 10094349                   /share/apps/MATLAB/R2012b/bin/glnxa64/libmwjproxy.so
2afac5516000-2afac5716000 ---p 0000e000 00:17 10094349                   /share/apps/MATLAB/R2012b/bin/glnxa64/libmwjproxy.so
2afac5716000-2afac5717000 rw-p 0000e000 00:17 10094349                   /share/apps/MATLAB/R2012b/bin/glnxa64/libmwjproxy.so
2afac5717000-2afac576e000 r-xp 00000000 00:17 10094351                   /share/apps/MATLAB/R2012b/bin/glnxa64/libmwmclbase.so
2afac576e000-2afac596e000 ---p 00057000 00:17 10094351                   /share/apps/MATLAB/R2012b/bin/glnxa64/libmwmclbase.so
2afac596e000-2afac5972000 rw-p 00057000 00:17 10094351                   /share/apps/MATLAB/R2012b/bin/glnxa64/libmwmclbase.so
2afac5972000-2afac5f04000 r-xp 00000000 00:17 10092962                   /share/apps/MATLAB/R2012b/bin/glnxa64/libmwmlutil.so
2afac5f04000-2afac6103000 ---p 00592000 00:17 10092962                   /share/apps/MATLAB/R2012b/bin/glnxa64/libmwmlutil.so
2afac6103000-2afac613c000 rw-p 00591000 00:17 10092962                   /share/apps/MATLAB/R2012b/bin/glnxa64/libmwmlutil.so
2afac613c000-2afac6148000 rw-p 00000000 00:00 0 
2afac6148000-2afac62b6000 r-xp 00000000 00:17 10093930                   /share/apps/MATLAB/R2012b/bin/glnxa64/libmwmvm.so
2afac62b6000-2afac64b5000 ---p 0016e000 00:17 10093930                   /share/apps/MATLAB/R2012b/bin/glnxa64/libmwmvm.so
2afac64b5000-2afac64c9000 rw-p 0016d000 00:17 10093930                   /share/apps/MATLAB/R2012b/bin/glnxa64/libmwmvm.so
2afac64c9000-2afac64ca000 rw-p 00000000 00:00 0 
2afac64ca000-2afac6896000 r-xp 00000000 00:17 10093889                   /share/apps/MATLAB/R2012b/bin/glnxa64/libmwiqm.so
2afac6896000-2afac6a96000 ---p 003cc000 00:17 10093889                   /share/apps/MATLAB/R2012b/bin/glnxa64/libmwiqm.so
2afac6a96000-2afac6ac2000 rw-p 003cc000 00:17 10093889                   /share/apps/MATLAB/R2012b/bin/glnxa64/libmwiqm.so
2afac6ac2000-2afac6ac8000 rw-p 00000000 00:00 0 
2afac6ac8000-2afac6ae1000 r-xp 00000000 00:17 10093852                   /share/apps/MATLAB/R2012b/bin/glnxa64/libmwMCR_res.so
2afac6ae1000-2afac6ce0000 ---p 00019000 00:17 10093852                   /share/apps/MATLAB/R2012b/bin/glnxa64/libmwMCR_res.so
2afac6ce0000-2afac6ce1000 rw-p 00018000 00:17 10093852                   /share/apps/MATLAB/R2012b/bin/glnxa64/libmwMCR_res.so
2afac6ce1000-2afac6e5b000 r-xp 00000000 00:17 10093937                   /share/apps/MATLAB/R2012b/bin/glnxa64/libmwuix.so
2afac6e5b000-2afac705b000 ---p 0017a000 00:17 10093937                   /share/apps/MATLAB/R2012b/bin/glnxa64/libmwuix.so
2afac705b000-2afac7070000 rw-p 0017a000 00:17 10093937                   /share/apps/MATLAB/R2012b/bin/glnxa64/libmwuix.so
2afac7070000-2afac7075000 rw-p 00000000 00:00 0 
2afac7075000-2afac70a6000 r-xp 00000000 00:17 10093902                   /share/apps/MATLAB/R2012b/bin/glnxa64/libmwbridge.so
2afac70a6000-2afac72a5000 ---p 00031000 00:17 10093902                   /share/apps/MATLAB/R2012b/bin/glnxa64/libmwbridge.so
2afac72a5000-2afac72a8000 rw-p 00030000 00:17 10093902                   /share/apps/MATLAB/R2012b/bin/glnxa64/libmwbridge.so
2afac72a8000-2afac72ae000 rw-p 00000000 00:00 0 
2afac72ae000-2afac7539000 r-xp 00000000 00:17 10093905                   /share/apps/MATLAB/R2012b/bin/glnxa64/libmwm_parser.so
2afac7539000-2afac7739000 ---p 0028b000 00:17 10093905                   /share/apps/MATLAB/R2012b/bin/glnxa64/libmwm_parser.so
2afac7739000-2afac7bdd000 rw-p 0028b000 00:17 10093905                   /share/apps/MATLAB/R2012b/bin/glnxa64/libmwm_parser.so
2afac7bdd000-2afac7e64000 r-xp 00000000 00:17 10093927                   /share/apps/MATLAB/R2012b/bin/glnxa64/libmwmcos.so
2afac7e64000-2afac8063000 ---p 00287000 00:17 10093927                   /share/apps/MATLAB/R2012b/bin/glnxa64/libmwmcos.so
2afac8063000-2afac808f000 rw-p 00286000 00:17 10093927                   /share/apps/MATLAB/R2012b/bin/glnxa64/libmwmcos.so
2afac808f000-2afac819f000 r-xp 00000000 00:17 10093903                   /share/apps/MATLAB/R2012b/bin/glnxa64/libmwgui.so
2afac819f000-2afac839e000 ---p 00110000 00:17 10093903                   /share/apps/MATLAB/R2012b/bin/glnxa64/libmwgui.so
2afac839e000-2afac83db000 rw-p 0010f000 00:17 10093903                   /share/apps/MATLAB/R2012b/bin/glnxa64/libmwgui.so
2afac83db000-2afac92c0000 r-xp 00000000 00:17 10093886                   /share/apps/MATLAB/R2012b/bin/glnxa64/libmwhg.so
2afac92c0000-2afac94bf000 ---p 00ee5000 00:17 10093886                   /share/apps/MATLAB/R2012b/bin/glnxa64/libmwhg.so
2afac94bf000-2afac95e1000 rw-p 00ee4000 00:17 10093886                   /share/apps/MATLAB/R2012b/bin/glnxa64/libmwhg.so
2afac95e1000-2afac95ee000 rw-p 00000000 00:00 0 
2afac95ee000-2afac975b000 r-xp 00000000 00:17 10093926                   /share/apps/MATLAB/R2012b/bin/glnxa64/libmwhgutils.so
2afac975b000-2afac995a000 ---p 0016d000 00:17 10093926                   /share/apps/MATLAB/R2012b/bin/glnxa64/libmwhgutils.so
2afac995a000-2afac9973000 rw-p 0016c000 00:17 10093926                   /share/apps/MATLAB/R2012b/bin/glnxa64/libmwhgutils.so
2afac9973000-2afac9a1e000 r-xp 00000000 00:17 10093943                   /share/apps/MATLAB/R2012b/bin/glnxa64/libmwudd_mi.so
2afac9a1e000-2afac9c1e000 ---p 000ab000 00:17 10093943                   /share/apps/MATLAB/R2012b/bin/glnxa64/libmwudd_mi.so
2afac9c1e000-2afac9c2a000 rw-p 000ab000 00:17 10093943                   /share/apps/MATLAB/R2012b/bin/glnxa64/libmwudd_mi.so
2afac9c2a000-2afac9c2b000 rw-p 00000000 00:00 0 
2afac9c2b000-2afac9c8b000 r-xp 00000000 00:17 10093921                   /share/apps/MATLAB/R2012b/bin/glnxa64/libmwm_ir.so
2afac9c8b000-2afac9e8a000 ---p 00060000 00:17 10093921                   /share/apps/MATLAB/R2012b/bin/glnxa64/libmwm_ir.so
2afac9e8a000-2afac9e93000 rw-p 0005f000 00:17 10093921                   /share/apps/MATLAB/R2012b/bin/glnxa64/libmwm_ir.so
2afac9e93000-2afac9ea8000 r-xp 00000000 00:17 10092918                   /share/apps/MATLAB/R2012b/bin/glnxa64/libboost_iostreams.so.1.44.0
2afac9ea8000-2afaca0a8000 ---p 00015000 00:17 10092918                   /share/apps/MATLAB/R2012b/bin/glnxa64/libboost_iostreams.so.1.44.0
2afaca0a8000-2afaca0aa000 rw-p 00015000 00:17 10092918                   /share/apps/MATLAB/R2012b/bin/glnxa64/libboost_iostreams.so.1.44.0
2afaca0aa000-2afaca119000 r-xp 00000000 00:17 10092908                   /share/apps/MATLAB/R2012b/bin/glnxa64/libboost_serialization.so.1.44.0
2afaca119000-2afaca319000 ---p 0006f000 00:17 10092908                   /share/apps/MATLAB/R2012b/bin/glnxa64/libboost_serialization.so.1.44.0
2afaca319000-2afaca31d000 rw-p 0006f000 00:17 10092908                   /share/apps/MATLAB/R2012b/bin/glnxa64/libboost_serialization.so.1.44.0
2afaca31d000-2afaca378000 r-xp 00000000 00:17 10092969                   /share/apps/MATLAB/R2012b/bin/glnxa64/libmwregexp.so
2afaca378000-2afaca577000 ---p 0005b000 00:17 10092969                   /share/apps/MATLAB/R2012b/bin/glnxa64/libmwregexp.so
2afaca577000-2afaca57e000 rw-p 0005a000 00:17 10092969                   /share/apps/MATLAB/R2012b/bin/glnxa64/libmwregexp.so
2afaca57e000-2afaca590000 r-xp 00000000 00:17 10092968                   /share/apps/MATLAB/R2012b/bin/glnxa64/libmwmfl_scalar.so
2afaca590000-2afaca78f000 ---p 00012000 00:17 10092968                   /share/apps/MATLAB/R2012b/bin/glnxa64/libmwmfl_scalar.so
2afaca78f000-2afaca790000 rw-p 00011000 00:17 10092968                   /share/apps/MATLAB/R2012b/bin/glnxa64/libmwmfl_scalar.so
2afaca790000-2afaca7a9000 r-xp 00000000 00:17 10092959                   /share/apps/MATLAB/R2012b/bin/glnxa64/libmwMATLAB_settings_res.so
2afaca7a9000-2afaca9a8000 ---p 00019000 00:17 10092959                   /share/apps/MATLAB/R2012b/bin/glnxa64/libmwMATLAB_settings_res.so
2afaca9a8000-2afaca9a9000 rw-p 00018000 00:17 10092959                   /share/apps/MATLAB/R2012b/bin/glnxa64/libmwMATLAB_settings_res.so
2afaca9b6000-2afaca9bb000 r-xp 00000000 00:17 10094345                   /share/apps/MATLAB/R2012b/bin/glnxa64/libmwctfrt_res.so
2afaca9bb000-2afacabba000 ---p 00005000 00:17 10094345                   /share/apps/MATLAB/R2012b/bin/glnxa64/libmwctfrt_res.so
2afacabba000-2afacabbb000 rw-p 00004000 00:17 10094345                   /share/apps/MATLAB/R2012b/bin/glnxa64/libmwctfrt_res.so
2afacabbb000-2afacabf7000 r-xp 00000000 00:17 10093939                   /share/apps/MATLAB/R2012b/bin/glnxa64/libmwprofiler.so
2afacabf7000-2afacadf6000 ---p 0003c000 00:17 10093939                   /share/apps/MATLAB/R2012b/bin/glnxa64/libmwprofiler.so
2afacadf6000-2afacadf9000 rw-p 0003b000 00:17 10093939                   /share/apps/MATLAB/R2012b/bin/glnxa64/libmwprofiler.so
2afacadf9000-2afacaebd000 r-xp 00000000 00:17 10093836                   /share/apps/MATLAB/R2012b/bin/glnxa64/libmwmathutil.so
2afacaebd000-2afacb0bd000 ---p 000c4000 00:17 10093836                   /share/apps/MATLAB/R2012b/bin/glnxa64/libmwmathutil.so
2afacb0bd000-2afacb0be000 rw-p 000c4000 00:17 10093836                   /share/apps/MATLAB/R2012b/bin/glnxa64/libmwmathutil.so
2afacb0be000-2afacb0e6000 r-xp 00000000 00:17 10093849                   /share/apps/MATLAB/R2012b/bin/glnxa64/libmwmathrng.so
2afacb0e6000-2afacb2e5000 ---p 00028000 00:17 10093849                   /share/apps/MATLAB/R2012b/bin/glnxa64/libmwmathrng.so
2afacb2e5000-2afacb2e8000 rw-p 00027000 00:17 10093849                   /share/apps/MATLAB/R2012b/bin/glnxa64/libmwmathrng.so
2afacb2e8000-2afacb2e9000 rw-p 00000000 00:00 0 
2afacb2e9000-2afacb302000 r-xp 00000000 00:17 10093932                   /share/apps/MATLAB/R2012b/bin/glnxa64/libmwm_pcodeio.so
2afacb302000-2afacb501000 ---p 00019000 00:17 10093932                   /share/apps/MATLAB/R2012b/bin/glnxa64/libmwm_pcodeio.so
2afacb501000-2afacb503000 rw-p 00018000 00:17 10093932                   /share/apps/MATLAB/R2012b/bin/glnxa64/libmwm_pcodeio.so
2afacb503000-2afacb528000 r-xp 00000000 00:17 10093907                   /share/apps/MATLAB/R2012b/bin/glnxa64/libmwm_pcodegen.so
2afacb528000-2afacb728000 ---p 00025000 00:17 10093907                   /share/apps/MATLAB/R2012b/bin/glnxa64/libmwm_pcodegen.so
2afacb728000-2afacb72a000 rw-p 00025000 00:17 10093907                   /share/apps/MATLAB/R2012b/bin/glnxa64/libmwm_pcodegen.so
2afacb72a000-2afacb7a4000 r-xp 00000000 00:17 10093803                   /share/apps/MATLAB/R2012b/bin/glnxa64/libmwspmatrix.so
2afacb7a4000-2afacb9a3000 ---p 0007a000 00:17 10093803                   /share/apps/MATLAB/R2012b/bin/glnxa64/libmwspmatrix.so
2afacb9a3000-2afacb9a5000 rw-p 00079000 00:17 10093803                   /share/apps/MATLAB/R2012b/bin/glnxa64/libmwspmatrix.so
2afacb9a5000-2afacba1d000 r-xp 00000000 00:17 10092960                   /share/apps/MATLAB/R2012b/bin/glnxa64/libmwxmlcore.so
2afacba1d000-2afacbc1c000 ---p 00078000 00:17 10092960                   /share/apps/MATLAB/R2012b/bin/glnxa64/libmwxmlcore.so
2afacbc1c000-2afacbc24000 rw-p 00077000 00:17 10092960                   /share/apps/MATLAB/R2012b/bin/glnxa64/libmwxmlcore.so
2afacbc24000-2afacbc25000 rw-p 00000000 00:00 0 
2afacbc25000-2afacbc26000 r-xp 00000000 00:17 10093797                   /share/apps/MATLAB/R2012b/bin/glnxa64/libmwnativejava_services.so
2afacbc26000-2afacbe26000 ---p 00001000 00:17 10093797                   /share/apps/MATLAB/R2012b/bin/glnxa64/libmwnativejava_services.so
2afacbe26000-2afacbe27000 rw-p 00001000 00:17 10093797                   /share/apps/MATLAB/R2012b/bin/glnxa64/libmwnativejava_services.so
2afacbe27000-2afacbe5b000 r-xp 00000000 00:17 10093941                   /share/apps/MATLAB/R2012b/bin/glnxa64/libmwhardcopy.so
2afacbe5b000-2afacc05a000 ---p 00034000 00:17 10093941                   /share/apps/MATLAB/R2012b/bin/glnxa64/libmwhardcopy.so
2afacc05a000-2afacc05c000 rw-p 00033000 00:17 10093941                   /share/apps/MATLAB/R2012b/bin/glnxa64/libmwhardcopy.so
2afacc05c000-2afacc05d000 rw-p 00000000 00:00 0 
2afacc05d000-2afacc062000 r-xp 00000000 00:17 10093938                   /share/apps/MATLAB/R2012b/bin/glnxa64/libmwuinone.so
2afacc062000-2afacc262000 ---p 00005000 00:17 10093938                   /share/apps/MATLAB/R2012b/bin/glnxa64/libmwuinone.so
2afacc262000-2afacc263000 rw-p 00005000 00:17 10093938                   /share/apps/MATLAB/R2012b/bin/glnxa64/libmwuinone.so
2afacc263000-2afacc2b3000 r-xp 00000000 00:17 10093912                   /share/apps/MATLAB/R2012b/bin/glnxa64/libuij.so
2afacc2b3000-2afacc4b2000 ---p 00050000 00:17 10093912                   /share/apps/MATLAB/R2012b/bin/glnxa64/libuij.so
2afacc4b2000-2afacc4b6000 rw-p 0004f000 00:17 10093912                   /share/apps/MATLAB/R2012b/bin/glnxa64/libuij.so
2afacc4b6000-2afacc737000 r-xp 00000000 00:17 10093801                   /share/apps/MATLAB/R2012b/sys/os/glnxa64/libXm.so.3.0.2
2afacc737000-2afacc937000 ---p 00281000 00:17 10093801                   /share/apps/MATLAB/R2012b/sys/os/glnxa64/libXm.so.3.0.2
2afacc937000-2afacc961000 rw-p 00281000 00:17 10093801                   /share/apps/MATLAB/R2012b/sys/os/glnxa64/libXm.so.3.0.2
2afacc961000-2afacc962000 rw-p 00000000 00:00 0 
2afacc962000-2afacc9c1000 r-xp 00000000 08:01 323930                     /usr/lib64/libXt.so.6.0.0
2afacc9c1000-2afaccbc0000 ---p 0005f000 08:01 323930                     /usr/lib64/libXt.so.6.0.0
2afaccbc0000-2afaccbc6000 rw-p 0005e000 08:01 323930                     /usr/lib64/libXt.so.6.0.0
2afaccbc6000-2afaccbc7000 rw-p 00000000 00:00 0 
2afaccbc7000-2afaccbdc000 r-xp 00000000 00:17 10093910                   /share/apps/MATLAB/R2012b/bin/glnxa64/libmwir_xfmr.so
2afaccbdc000-2afaccddc000 ---p 00015000 00:17 10093910                   /share/apps/MATLAB/R2012b/bin/glnxa64/libmwir_xfmr.so
2afaccddc000-2afaccddd000 rw-p 00015000 00:17 10093910                   /share/apps/MATLAB/R2012b/bin/glnxa64/libmwir_xfmr.so
2afaccddd000-2afaccdeb000 r-xp 00000000 00:17 10093908                   /share/apps/MATLAB/R2012b/bin/glnxa64/libmwmtok.so
2afaccdeb000-2afaccfea000 ---p 0000e000 00:17 10093908                   /share/apps/MATLAB/R2012b/bin/glnxa64/libmwmtok.so
2afaccfea000-2afaccfeb000 rw-p 0000d000 00:17 10093908                   /share/apps/MATLAB/R2012b/bin/glnxa64/libmwmtok.so
2afaccfeb000-2afaccffa000 r-xp 00000000 00:17 10093922                   /share/apps/MATLAB/R2012b/bin/glnxa64/libmwgraphics_util.so
2afaccffa000-2afacd1fa000 ---p 0000f000 00:17 10093922                   /share/apps/MATLAB/R2012b/bin/glnxa64/libmwgraphics_util.so
2afacd1fa000-2afacd1fc000 rw-p 0000f000 00:17 10093922                   /share/apps/MATLAB/R2012b/bin/glnxa64/libmwgraphics_util.so
2afacd1fc000-2afacd4b0000 r-xp 00000000 00:17 10093899                   /share/apps/MATLAB/R2012b/bin/glnxa64/libmwhgdatatypes.so
2afacd4b0000-2afacd6af000 ---p 002b4000 00:17 10093899                   /share/apps/MATLAB/R2012b/bin/glnxa64/libmwhgdatatypes.so
2afacd6af000-2afacd6d0000 rw-p 002b3000 00:17 10093899                   /share/apps/MATLAB/R2012b/bin/glnxa64/libmwhgdatatypes.so
2afacd6d0000-2afacd6d2000 rw-p 00000000 00:00 0 
2afacd6d2000-2afacd783000 r-xp 00000000 00:17 10093829                   /share/apps/MATLAB/R2012b/bin/glnxa64/libmwlapack.so
2afacd783000-2afacd982000 ---p 000b1000 00:17 10093829                   /share/apps/MATLAB/R2012b/bin/glnxa64/libmwlapack.so
2afacd982000-2afacd98c000 rw-p 000b0000 00:17 10093829                   /share/apps/MATLAB/R2012b/bin/glnxa64/libmwlapack.so
2afacd98c000-2afacd9bd000 r-xp 00000000 00:17 10093895                   /share/apps/MATLAB/R2012b/bin/glnxa64/libmwgbtutils.so
2afacd9bd000-2afacdbbc000 ---p 00031000 00:17 10093895                   /share/apps/MATLAB/R2012b/bin/glnxa64/libmwgbtutils.so
2afacdbbc000-2afacdbc2000 rw-p 00030000 00:17 10093895                   /share/apps/MATLAB/R2012b/bin/glnxa64/libmwgbtutils.so
2afacdbc2000-2afacdbd2000 r-xp 00000000 00:17 10093918                   /share/apps/MATLAB/R2012b/bin/glnxa64/libmwgbt.so
2afacdbd2000-2afacddd1000 ---p 00010000 00:17 10093918                   /share/apps/MATLAB/R2012b/bin/glnxa64/libmwgbt.so
2afacddd1000-2afacddd3000 rw-p 0000f000 00:17 10093918                   /share/apps/MATLAB/R2012b/bin/glnxa64/libmwgbt.so
2afacddd3000-2afacdde3000 r-xp 00000000 00:17 10093887                   /share/apps/MATLAB/R2012b/bin/glnxa64/libmwmlib.so
2afacdde3000-2afacdfe3000 ---p 00010000 00:17 10093887                   /share/apps/MATLAB/R2012b/bin/glnxa64/libmwmlib.so
2afacdfe3000-2afacdfe5000 rw-p 00010000 00:17 10093887                   /share/apps/MATLAB/R2012b/bin/glnxa64/libmwmlib.so
2afacdfe5000-2afacdfee000 r-xp 00000000 00:17 10093813                   /share/apps/MATLAB/R2012b/bin/glnxa64/libmwmfl_rng.so
2afacdfee000-2aface1ee000 ---p 00009000 00:17 10093813                   /share/apps/MATLAB/R2012b/bin/glnxa64/libmwmfl_rng.so
2aface1ee000-2aface1ef000 rw-p 00009000 00:17 10093813                   /share/apps/MATLAB/R2012b/bin/glnxa64/libmwmfl_rng.so
2aface1ef000-2aface2b7000 r-xp 00000000 00:17 10093848                   /share/apps/MATLAB/R2012b/bin/glnxa64/libmwmathcore.so
2aface2b7000-2aface4b7000 ---p 000c8000 00:17 10093848                   /share/apps/MATLAB/R2012b/bin/glnxa64/libmwmathcore.so
2aface4b7000-2aface4bb000 rw-p 000c8000 00:17 10093848                   /share/apps/MATLAB/R2012b/bin/glnxa64/libmwmathcore.so
2aface4bb000-2aface4bc000 rw-p 00000000 00:00 0 
2aface4bc000-2aface4c3000 r-xp 00000000 00:17 10093824                   /share/apps/MATLAB/R2012b/bin/glnxa64/libmwbinder.so
2aface4c3000-2aface6c3000 ---p 00007000 00:17 10093824                   /share/apps/MATLAB/R2012b/bin/glnxa64/libmwbinder.so
2aface6c3000-2aface6c4000 rw-p 00007000 00:17 10093824                   /share/apps/MATLAB/R2012b/bin/glnxa64/libmwbinder.so
2aface6c4000-2aface6c8000 r-xp 00000000 00:17 10093825                   /share/apps/MATLAB/R2012b/bin/glnxa64/libmwompwrapper.so
2aface6c8000-2aface8c8000 ---p 00004000 00:17 10093825                   /share/apps/MATLAB/R2012b/bin/glnxa64/libmwompwrapper.so
2aface8c8000-2aface8c9000 rw-p 00004000 00:17 10093825                   /share/apps/MATLAB/R2012b/bin/glnxa64/libmwompwrapper.so
2aface8c9000-2aface8db000 r-xp 00000000 00:17 10093830                   /share/apps/MATLAB/R2012b/bin/glnxa64/libmwblas.so
2aface8db000-2afaceada000 ---p 00012000 00:17 10093830                   /share/apps/MATLAB/R2012b/bin/glnxa64/libmwblas.so
2afaceada000-2afaceadc000 rw-p 00011000 00:17 10093830                   /share/apps/MATLAB/R2012b/bin/glnxa64/libmwblas.so
2afaceadc000-2afaceb1e000 r-xp 00000000 00:17 10093838                   /share/apps/MATLAB/R2012b/bin/glnxa64/libmwcholmod.so
2afaceb1e000-2afaced1e000 ---p 00042000 00:17 10093838                   /share/apps/MATLAB/R2012b/bin/glnxa64/libmwcholmod.so
2afaced1e000-2afaced1f000 rw-p 00042000 00:17 10093838                   /share/apps/MATLAB/R2012b/bin/glnxa64/libmwcholmod.so
2afaced1f000-2afaced23000 r-xp 00000000 08:01 558238                     /lib64/libuuid.so.1.3.0
2afaced23000-2afacef22000 ---p 00004000 08:01 558238                     /lib64/libuuid.so.1.3.0
2afacef22000-2afacef23000 rw-p 00003000 08:01 558238                     /lib64/libuuid.so.1.3.0
2afacef23000-2afacef2b000 r-xp 00000000 00:17 10093833                   /share/apps/MATLAB/R2012b/bin/glnxa64/libmwamd.so
2afacef2b000-2afacf12a000 ---p 00008000 00:17 10093833                   /share/apps/MATLAB/R2012b/bin/glnxa64/libmwamd.so
2afacf12a000-2afacf12b000 rw-p 00007000 00:17 10093833                   /share/apps/MATLAB/R2012b/bin/glnxa64/libmwamd.so
2afacf12b000-2afacf131000 r-xp 00000000 00:17 10093837                   /share/apps/MATLAB/R2012b/bin/glnxa64/libmwcolamd.so
2afacf131000-2afacf330000 ---p 00006000 00:17 10093837                   /share/apps/MATLAB/R2012b/bin/glnxa64/libmwcolamd.so
2afacf330000-2afacf331000 rw-p 00005000 00:17 10093837                   /share/apps/MATLAB/R2012b/bin/glnxa64/libmwcolamd.so
2afacf331000-2afacf451000 rw-p 00000000 00:00 0 
2afacf451000-2afacf452000 ---p 00000000 00:00 0 
2afacf452000-2afacf652000 rwxp 00000000 00:00 0 
2afacf652000-2afacf653000 ---p 00000000 00:00 0 
2afacf653000-2afacf853000 rwxp 00000000 00:00 0 
2afad0000000-2afad0021000 rw-p 00000000 00:00 0 
2afad0021000-2afad4000000 ---p 00000000 00:00 0 
2afad4000000-2afad4330000 rw-p 00000000 00:00 0 
2afad4330000-2afad8000000 ---p 00000000 00:00 0 
2afad8000000-2afad8001000 ---p 00000000 00:00 0 
2afad8001000-2afad8201000 rwxp 00000000 00:00 0 
2afad8201000-2afad8202000 ---p 00000000 00:00 0 
2afad8202000-2afad8402000 rwxp 00000000 00:00 0 
2afadc000000-2afadc021000 rw-p 00000000 00:00 0 
2afadc021000-2afae0000000 ---p 00000000 00:00 0 
2afae0000000-2afae0021000 rw-p 00000000 00:00 0 
2afae0021000-2afae4000000 ---p 00000000 00:00 0 
2afae4000000-2afae4001000 ---p 00000000 00:00 0 
2afae4001000-2afae4201000 rwxp 00000000 00:00 0 
2afae8000000-2afae8021000 rw-p 00000000 00:00 0 
2afae8021000-2afaec000000 ---p 00000000 00:00 0 
2afaec000000-2afaec003000 ---p 00000000 00:00 0 
2afaec003000-2afaf0001000 rwxp 00000000 00:00 0 
2afaf0001000-2afaf002a000 r-xp 00000000 00:17 10093568                   /share/apps/MATLAB/R2012b/sys/java/jre/glnxa64/jre/lib/amd64/libjava.so
2afaf002a000-2afaf0129000 ---p 00029000 00:17 10093568                   /share/apps/MATLAB/R2012b/sys/java/jre/glnxa64/jre/lib/amd64/libjava.so
2afaf0129000-2afaf0130000 rw-p 00028000 00:17 10093568                   /share/apps/MATLAB/R2012b/sys/java/jre/glnxa64/jre/lib/amd64/libjava.so
2afaf0130000-2afaf088e000 r-xp 00000000 00:17 10093780                   /share/apps/MATLAB/R2012b/sys/java/jre/glnxa64/jre/lib/amd64/server/libjvm.so
2afaf088e000-2afaf098d000 ---p 0075e000 00:17 10093780                   /share/apps/MATLAB/R2012b/sys/java/jre/glnxa64/jre/lib/amd64/server/libjvm.so
2afaf098d000-2afaf0b05000 rw-p 0075d000 00:17 10093780                   /share/apps/MATLAB/R2012b/sys/java/jre/glnxa64/jre/lib/amd64/server/libjvm.so
2afaf0b05000-2afaf0b43000 rw-p 00000000 00:00 0 
2afaf0b43000-2afaf0b50000 r-xp 00000000 00:17 10093742                   /share/apps/MATLAB/R2012b/sys/java/jre/glnxa64/jre/lib/amd64/libverify.so
2afaf0b50000-2afaf0c4f000 ---p 0000d000 00:17 10093742                   /share/apps/MATLAB/R2012b/sys/java/jre/glnxa64/jre/lib/amd64/libverify.so
2afaf0c4f000-2afaf0c52000 rw-p 0000c000 00:17 10093742                   /share/apps/MATLAB/R2012b/sys/java/jre/glnxa64/jre/lib/amd64/libverify.so
2afaf0c52000-2afaf0cd4000 rw-p 00000000 00:00 0 
2afaf0ce1000-2afaf0ced000 r-xp 00000000 08:01 558174                     /lib64/libnss_files-2.12.so
2afaf0ced000-2afaf0eed000 ---p 0000c000 08:01 558174                     /lib64/libnss_files-2.12.so
2afaf0eed000-2afaf0eee000 r--p 0000c000 08:01 558174                     /lib64/libnss_files-2.12.so
2afaf0eee000-2afaf0eef000 rw-p 0000d000 08:01 558174                     /lib64/libnss_files-2.12.so
2afaf0eef000-2afaf0ef0000 r--p 00000000 00:00 0 
2afaf0ef0000-2afaf0ef1000 rw-p 00000000 00:00 0 
2afaf0ef1000-2afaf0ef8000 r-xp 00000000 00:17 10093726                   /share/apps/MATLAB/R2012b/sys/java/jre/glnxa64/jre/lib/amd64/native_threads/libhpi.so
2afaf0ef8000-2afaf0ff9000 ---p 00007000 00:17 10093726                   /share/apps/MATLAB/R2012b/sys/java/jre/glnxa64/jre/lib/amd64/native_threads/libhpi.so
2afaf0ff9000-2afaf0ffb000 rw-p 00008000 00:17 10093726                   /share/apps/MATLAB/R2012b/sys/java/jre/glnxa64/jre/lib/amd64/native_threads/libhpi.so
2afaf0ffb000-2afaf0ffc000 rw-p 00000000 00:00 0 
2afaf0ffc000-2afaf1004000 rw-s 00000000 08:01 829150                     /tmp/hsperfdata_tntweb/1989 (deleted)
2afaf1004000-2afaf1012000 r-xp 00000000 00:17 10093511                   /share/apps/MATLAB/R2012b/sys/java/jre/glnxa64/jre/lib/amd64/libzip.so
2afaf1012000-2afaf1114000 ---p 0000e000 00:17 10093511                   /share/apps/MATLAB/R2012b/sys/java/jre/glnxa64/jre/lib/amd64/libzip.so
2afaf1114000-2afaf1117000 rw-p 00010000 00:17 10093511                   /share/apps/MATLAB/R2012b/sys/java/jre/glnxa64/jre/lib/amd64/libzip.so
2afaf1117000-2afaf1118000 rw-p 00000000 00:00 0 
2afaf1118000-2afaf1388000 rwxp 00000000 00:00 0 
2afaf1388000-2afaf4118000 rwxp 00000000 00:00 0 
2afaf4118000-2afaf4122000 rwxp 00000000 00:00 0 
2afaf4122000-2afaf41d8000 rwxp 00000000 00:00 0 
2afaf41e0000-2afaf56a0000 rwxp 00000000 00:00 0 
2afaf56a0000-2afafc1e0000 rwxp 00000000 00:00 0 
2afafc1e0000-2afaff1e0000 rwxp 00000000 00:00 0 
2afaff1e0000-2afb054e0000 rwxp 00000000 00:00 0 
2afb054e0000-2afb064e0000 rwxp 00000000 00:00 0 
2afb064e0000-2afb085e0000 rwxp 00000000 00:00 0 
2afb085e0000-2afb085eb000 rwxp 00000000 00:00 0 
2afb085eb000-2afb08620000 rwxp 00000000 00:00 0 
2afb08620000-2afb08638000 rwxp 00000000 00:00 0 
2afb08638000-2afb08669000 rwxp 00000000 00:00 0 
2afb08669000-2afb08672000 rwxp 00000000 00:00 0 
2afb08672000-2afb08682000 rwxp 00000000 00:00 0 
2afb08682000-2afb0869b000 rwxp 00000000 00:00 0 
2afb0869b000-2afb086cd000 rwxp 00000000 00:00 0 
2afb086cd000-2afb086d8000 rwxp 00000000 00:00 0 
2afb086d8000-2afb0870d000 rwxp 00000000 00:00 0 
2afb0870d000-2afb0870e000 ---p 00000000 00:00 0 
2afb0870e000-2afb0880e000 rwxp 00000000 00:00 0 
2afb0c000000-2afb0c021000 rw-p 00000000 00:00 0 
2afb0c021000-2afb10000000 ---p 00000000 00:00 0 
2afb10000000-2afb10021000 rw-p 00000000 00:00 0 
2afb10021000-2afb14000000 ---p 00000000 00:00 0 
2afb14000000-2afb14001000 ---p 00000000 00:00 0 
2afb14001000-2afb14101000 rwxp 00000000 00:00 0 
2afb14101000-2afb14102000 ---p 00000000 00:00 0 
2afb14102000-2afb14202000 rwxp 00000000 00:00 0 
2afb14202000-2afb14203000 ---p 00000000 00:00 0 
2afb14203000-2afb14303000 rwxp 00000000 00:00 0 
2afb14303000-2afb14304000 ---p 00000000 00:00 0 
2afb14304000-2afb14404000 rwxp 00000000 00:00 0 
2afb18000000-2afb18021000 rw-p 00000000 00:00 0 
2afb18021000-2afb1c000000 ---p 00000000 00:00 0 
2afb24000000-2afb24021000 rw-p 00000000 00:00 0 
2afb24021000-2afb28000000 ---p 00000000 00:00 0 
2afdc8000000-2afdc8001000 ---p 00000000 00:00 0 
2afdc8001000-2afdc8101000 rwxp 00000000 00:00 0 
2afe48101000-2afe48102000 ---p 00000000 00:00 0 
2afe48102000-2afe48202000 rwxp 00000000 00:00 0 
2afec4202000-2afec4203000 ---p 00000000 00:00 0 
2afec4203000-2afec4303000 rwxp 00000000 00:00 0 
2aff5c303000-2aff5c304000 ---p 00000000 00:00 0 
2aff5c304000-2aff5c404000 rwxp 00000000 00:00 0 
2b0008404000-2b0008405000 ---p 00000000 00:00 0 
2b0008405000-2b0008505000 rwxp 00000000 00:00 0 
7fffec47d000-7fffec491000 rwxp 00000000 00:00 0                          [stack]
7fffec491000-7fffec493000 rw-p 00000000 00:00 0 
7fffec574000-7fffec575000 r-xp 00000000 00:00 0                          [vdso]
ffffffffff600000-ffffffffff601000 r-xp 00000000 00:00 0                  [vsyscall]

VM Arguments:
jvm_args: -Xms64m -XX:NewRatio=3 -XX:MaxPermSize=128m -Xmx196m -XX:MaxDirectMemorySize=2147400000 -XX:+AllowUserSignalHandlers -Xrs -Dsun.awt.disableMixing=true -Djava.library.path=/share/apps/MATLAB/R2012b/bin/glnxa64:/share/apps/MATLAB/R2012b/sys/jxbrowser/glnxa64/lib vfprintf abort -Djava.awt.headless=true -Duser.language=en -Duser.country=US -Dfile.encoding=ISO-8859-15 
java_command: <unknown>
Launcher Type: generic

Environment Variables:
JAVA_HOME=/usr/java/latest
PATH=/home/tntweb/.virtualenvs/tnt/bin:/home/tntweb/overlay/bin:/opt/openmpi/bin:/usr/lib64/qt-3.3/bin:/share/apps/Intel/composer_xe_2011_sp1.8.273/bin/intel64:/tmp/239105.1.tnt.q:/usr/local/bin:/bin:/usr/bin:/usr/local/sbin:/usr/sbin:/sbin:/opt/bio/ncbi/bin:/opt/bio/mpiblast/bin:/opt/bio/EMBOSS/bin:/opt/bio/clustalw/bin:/opt/bio/tcoffee/bin:/opt/bio/hmmer/bin:/opt/bio/phylip/exe:/opt/bio/mrbayes:/opt/bio/fasta:/opt/bio/glimmer/bin:/opt/bio/glimmer/scripts:/opt/bio/gromacs/bin:/opt/bio/gmap/bin:/opt/bio/tigr/bin:/opt/bio/autodocksuite/bin:/opt/bio/wgs/bin:/opt/eclipse:/opt/ganglia/bin:/opt/ganglia/sbin:/share/apps/MATLAB/R2012b/bin:/share/apps/Intel/bin:/share/apps/R/bin:/share/apps/Intel/composer_xe_2011_sp1.8.273/mpirt/bin/intel64:/usr/java/latest/bin:/opt/rocks/bin:/opt/rocks/sbin:/opt/condor/bin:/opt/condor/sbin:/opt/gridengine/bin/linux-x64:/home/tntweb/bin
LD_LIBRARY_PATH=.:/share/apps/MATLAB/R2012b/runtime/glnxa64:/share/apps/MATLAB/R2012b/bin/glnxa64:/share/apps/MATLAB/R2012b/sys/os/glnxa64:/share/apps/MATLAB/R2012b/sys/java/jre/glnxa64/jre/lib/amd64/native_threads:/share/apps/MATLAB/R2012b/sys/java/jre/glnxa64/jre/lib/amd64/server:/share/apps/MATLAB/R2012b/sys/java/jre/glnxa64/jre/lib/amd64/client:/share/apps/MATLAB/R2012b/sys/java/jre/glnxa64/jre/lib/amd64
SHELL=/bin/bash

Signal Handlers:
SIGSEGV: [libjvm.so+0x6bddc0], sa_mask[0]=0x7ffbfeff, sa_flags=0x10000004
SIGBUS: [libjvm.so+0x6bddc0], sa_mask[0]=0x7ffbfeff, sa_flags=0x10000004
SIGFPE: [libjvm.so+0x594f90], sa_mask[0]=0x7ffbfeff, sa_flags=0x10000004
SIGPIPE: [libjvm.so+0x594f90], sa_mask[0]=0x7ffbfeff, sa_flags=0x10000004
SIGXFSZ: [libjvm.so+0x594f90], sa_mask[0]=0x7ffbfeff, sa_flags=0x10000004
SIGILL: [libjvm.so+0x594f90], sa_mask[0]=0x7ffbfeff, sa_flags=0x10000004
SIGUSR1: SIG_DFL, sa_mask[0]=0x00000000, sa_flags=0x00000000
SIGUSR2: [libjvm.so+0x597750], sa_mask[0]=0x08080002, sa_flags=0x10000004
SIGHUP: SIG_DFL, sa_mask[0]=0x00000000, sa_flags=0x00000000
SIGINT: SIG_DFL, sa_mask[0]=0x00000000, sa_flags=0x00000000
SIGTERM: SIG_DFL, sa_mask[0]=0x00000000, sa_flags=0x00000000
SIGQUIT: [libmwmcr.so+0x872d0], sa_mask[0]=0x08080002, sa_flags=0x00000004


---------------  S Y S T E M  ---------------

OS:CentOS release 6.3 (Final)

uname:Linux 2.6.32-279.14.1.el6.x86_64 #1 SMP Tue Nov 6 23:43:09 UTC 2012 x86_64
libc:glibc 2.12 NPTL 2.12 
rlimit: STACK infinity, CORE infinity, NPROC 144598, NOFILE 4096, AS 1572864k
load average:7.60 7.71 7.64

CPU:total 16 (8 cores per cpu, 2 threads per core) family 6 model 26 stepping 5, cmov, cx8, fxsr, mmx, sse, sse2, sse3, ssse3, sse4.1, sse4.2, ht

Memory: 4k page, physical 18525684k(13886044k free), swap 1020116k(1020116k free)

vm_info: Java HotSpot(TM) 64-Bit Server VM (14.3-b01) for linux-amd64 JRE (1.6.0_17-b04), built on Oct 11 2009 01:08:48 by "java_re" with gcc 3.2.2 (SuSE Linux)

time: Tue Sep  2 14:19:27 2014
elapsed time: 0 seconds

